
thg 9 29, 2025 09:22:09.15 NEW SESSION
thg 9 29, 2025 09:22:09.16 [7592:14968:0929/092209.142:ERROR:chrome\browser\extensions\external_registry_loader_win.cc:158] File C:\Program Files (x86)\Internet Download Manager\IDMGCExt.crx for key Software\Google\Chrome\Extensions\ngpampappnmepgilojfohadhhmbhlaek does not exist or is not readable.
thg 9 29, 2025 09:22:13.51 [7592:15324:0929/092213.514:ERROR:google_apis\gcm\engine\registration_request.cc:291] Registration response error message: DEPRECATED_ENDPOINT
thg 9 29, 2025 09:22:13.83 Created TensorFlow Lite XNNPACK delegate for CPU.
thg 9 29, 2025 09:22:35.10 [7592:15324:0929/092235.108:ERROR:google_apis\gcm\engine\registration_request.cc:291] Registration response error message: DEPRECATED_ENDPOINT
thg 9 29, 2025 09:23:33.60 [7592:15324:0929/092333.606:ERROR:google_apis\gcm\engine\registration_request.cc:291] Registration response error message: DEPRECATED_ENDPOINT
thg 9 29, 2025 09:25:22.14 [7592:15324:0929/092522.147:ERROR:google_apis\gcm\engine\registration_request.cc:291] Registration response error message: DEPRECATED_ENDPOINT
thg 9 29, 2025 09:25:46.89 [7592:2924:0929/092546.889:ERROR:chrome\browser\extensions\external_registry_loader_win.cc:158] File C:\Program Files (x86)\Internet Download Manager\IDMGCExt.crx for key Software\Google\Chrome\Extensions\ngpampappnmepgilojfohadhhmbhlaek does not exist or is not readable.
thg 9 29, 2025 09:25:47.28 [7592:15324:0929/092547.288:ERROR:google_apis\gcm\engine\registration_request.cc:291] Registration response error message: DEPRECATED_ENDPOINT
thg 9 29, 2025 09:26:11.15 [7592:15324:0929/092611.150:ERROR:google_apis\gcm\engine\registration_request.cc:291] Registration response error message: DEPRECATED_ENDPOINT
thg 9 29, 2025 09:26:59.11 [7592:15324:0929/092659.114:ERROR:google_apis\gcm\engine\registration_request.cc:291] Registration response error message: DEPRECATED_ENDPOINT
thg 9 29, 2025 09:28:37.50 [7592:15324:0929/092837.509:ERROR:google_apis\gcm\engine\registration_request.cc:291] Registration response error message: DEPRECATED_ENDPOINT

thg 10 09, 2025 18:19:07.72 NEW SESSION
thg 10 09, 2025 18:19:07.74 [13888:18184:1009/181907.713:ERROR:chrome\browser\extensions\external_registry_loader_win.cc:158] File C:\Program Files (x86)\Internet Download Manager\IDMGCExt.crx for key Software\Google\Chrome\Extensions\ngpampappnmepgilojfohadhhmbhlaek does not exist or is not readable.
thg 10 09, 2025 18:19:12.83 [13888:772:1009/181912.836:ERROR:google_apis\gcm\engine\registration_request.cc:291] Registration response error message: QUOTA_EXCEEDED
thg 10 09, 2025 18:19:13.18 [13888:772:1009/181913.180:ERROR:google_apis\gcm\engine\registration_request.cc:291] Registration response error message: DEPRECATED_ENDPOINT
thg 10 09, 2025 18:19:13.80 Created TensorFlow Lite XNNPACK delegate for CPU.
thg 10 09, 2025 18:19:34.04 [13888:772:1009/181934.048:ERROR:google_apis\gcm\engine\registration_request.cc:291] Registration response error message: DEPRECATED_ENDPOINT
thg 10 09, 2025 18:20:17.76 [13888:772:1009/182017.760:ERROR:google_apis\gcm\engine\registration_request.cc:291] Registration response error message: QUOTA_EXCEEDED
thg 10 09, 2025 21:06:19.99 [1009/210619.995:ERROR:third_party\crashpad\crashpad\util\file\filesystem_win.cc:128] GetFileAttributes C:\Users\Admin\AppData\Local\Google\Chrome\User Data\Crashpad\attachments\ae487cb8-d83e-4cef-b235-d9211d8a09a7: The system cannot find the file specified. (0x2)
thg 10 09, 2025 21:06:20.00 [1009/210619.999:ERROR:third_party\crashpad\crashpad\util\file\filesystem_win.cc:128] GetFileAttributes C:\Users\Admin\AppData\Local\Google\Chrome\User Data\Crashpad\attachments\29fc1cf6-d04a-4503-9e86-9d391bd8367b: The system cannot find the file specified. (0x2)
thg 10 09, 2025 21:06:20.00 [1009/210620.000:ERROR:third_party\crashpad\crashpad\util\file\filesystem_win.cc:128] GetFileAttributes C:\Users\Admin\AppData\Local\Google\Chrome\User Data\Crashpad\attachments\7bace08d-2b85-41bc-bdc6-263c70c056cc: The system cannot find the file specified. (0x2)
thg 10 09, 2025 21:06:20.00 [1009/210620.000:ERROR:third_party\crashpad\crashpad\util\file\filesystem_win.cc:128] GetFileAttributes C:\Users\Admin\AppData\Local\Google\Chrome\User Data\Crashpad\attachments\ae487cb8-d83e-4cef-b235-d9211d8a09a7: The system cannot find the file specified. (0x2)
thg 10 09, 2025 21:06:20.00 [1009/210620.000:ERROR:third_party\crashpad\crashpad\util\file\filesystem_win.cc:128] GetFileAttributes C:\Users\Admin\AppData\Local\Google\Chrome\User Data\Crashpad\attachments\29fc1cf6-d04a-4503-9e86-9d391bd8367b: The system cannot find the file specified. (0x2)
thg 10 09, 2025 21:06:20.00 [1009/210620.001:ERROR:third_party\crashpad\crashpad\util\file\filesystem_win.cc:128] GetFileAttributes C:\Users\Admin\AppData\Local\Google\Chrome\User Data\Crashpad\attachments\7bace08d-2b85-41bc-bdc6-263c70c056cc: The system cannot find the file specified. (0x2)
thg 10 09, 2025 21:36:18.97 [13888:20064:1009/213618.979:ERROR:mojo\public\cpp\bindings\lib\interface_endpoint_client.cc:732] Message 1 rejected by interface blink.mojom.WidgetHost
thg 10 10, 2025 24:19:24.66 [22344:25396:1010/001924.664:ERROR:chrome\browser\extensions\external_registry_loader_win.cc:158] File C:\Program Files (x86)\Internet Download Manager\IDMGCExt.crx for key Software\Google\Chrome\Extensions\ngpampappnmepgilojfohadhhmbhlaek does not exist or is not readable.
thg 10 10, 2025 24:19:30.10 [22344:23464:1010/001930.101:ERROR:google_apis\gcm\engine\registration_request.cc:291] Registration response error message: QUOTA_EXCEEDED
thg 10 10, 2025 24:19:31.47 Created TensorFlow Lite XNNPACK delegate for CPU.
thg 10 10, 2025 01:31:12.20 [22344:20252:1010/013112.197:ERROR:mojo\public\cpp\bindings\lib\interface_endpoint_client.cc:732] Message 2 rejected by interface blink.mojom.Widget
thg 10 10, 2025 01:31:12.35 [22344:20252:1010/013112.356:ERROR:mojo\public\cpp\bindings\lib\interface_endpoint_client.cc:732] Message 2 rejected by interface blink.mojom.Widget
thg 10 10, 2025 01:46:24.72 [22344:20252:1010/014624.720:ERROR:components\page_load_metrics\browser\page_load_metrics_update_dispatcher.cc:179] Invalid first_paint 0.312 s for first_image_paint 0.3 s
thg 10 10, 2025 01:46:24.82 [22344:20252:1010/014624.825:ERROR:components\page_load_metrics\browser\page_load_metrics_update_dispatcher.cc:179] Invalid first_paint 0.312 s for first_image_paint 0.3 s
thg 10 10, 2025 01:46:25.23 [22344:20252:1010/014625.231:ERROR:components\page_load_metrics\browser\page_load_metrics_update_dispatcher.cc:179] Invalid first_paint 0.312 s for first_image_paint 0.3 s
thg 10 10, 2025 01:46:25.36 [22344:20252:1010/014625.363:ERROR:components\page_load_metrics\browser\page_load_metrics_update_dispatcher.cc:179] Invalid first_paint 0.312 s for first_image_paint 0.3 s

thg 10 10, 2025 07:27:23.72 NEW SESSION
thg 10 10, 2025 07:27:23.76 [10828:14684:1010/072723.710:ERROR:chrome\browser\extensions\external_registry_loader_win.cc:158] File C:\Program Files (x86)\Internet Download Manager\IDMGCExt.crx for key Software\Google\Chrome\Extensions\ngpampappnmepgilojfohadhhmbhlaek does not exist or is not readable.
thg 10 10, 2025 07:27:28.36 [10828:6644:1010/072728.367:ERROR:google_apis\gcm\engine\registration_request.cc:291] Registration response error message: DEPRECATED_ENDPOINT
thg 10 10, 2025 07:27:28.70 Created TensorFlow Lite XNNPACK delegate for CPU.
thg 10 10, 2025 07:27:54.72 [10828:6644:1010/072754.726:ERROR:google_apis\gcm\engine\registration_request.cc:291] Registration response error message: DEPRECATED_ENDPOINT
thg 10 10, 2025 07:28:53.75 [10828:6644:1010/072853.759:ERROR:google_apis\gcm\engine\registration_request.cc:291] Registration response error message: DEPRECATED_ENDPOINT
thg 10 10, 2025 07:30:17.63 [10828:6644:1010/073017.632:ERROR:google_apis\gcm\engine\registration_request.cc:291] Registration response error message: DEPRECATED_ENDPOINT
thg 10 10, 2025 07:33:01.37 [10828:6644:1010/073301.374:ERROR:google_apis\gcm\engine\registration_request.cc:291] Registration response error message: DEPRECATED_ENDPOINT
thg 10 10, 2025 07:38:31.20 [10828:6644:1010/073831.209:ERROR:google_apis\gcm\engine\registration_request.cc:291] Registration response error message: DEPRECATED_ENDPOINT
thg 10 10, 2025 08:06:33.55 [19664:16964:1010/080633.553:ERROR:chrome\browser\extensions\external_registry_loader_win.cc:158] File C:\Program Files (x86)\Internet Download Manager\IDMGCExt.crx for key Software\Google\Chrome\Extensions\ngpampappnmepgilojfohadhhmbhlaek does not exist or is not readable.
thg 10 10, 2025 08:06:36.63 Created TensorFlow Lite XNNPACK delegate for CPU.
thg 10 10, 2025 08:06:36.72 [19664:14216:1010/080636.724:ERROR:google_apis\gcm\engine\registration_request.cc:291] Registration response error message: DEPRECATED_ENDPOINT
thg 10 10, 2025 08:06:58.90 [19664:14216:1010/080658.902:ERROR:google_apis\gcm\engine\registration_request.cc:291] Registration response error message: DEPRECATED_ENDPOINT
thg 10 10, 2025 08:07:53.06 [19664:14216:1010/080753.061:ERROR:google_apis\gcm\engine\registration_request.cc:291] Registration response error message: DEPRECATED_ENDPOINT
thg 10 10, 2025 08:09:33.86 [19664:14216:1010/080933.866:ERROR:google_apis\gcm\engine\registration_request.cc:291] Registration response error message: DEPRECATED_ENDPOINT
thg 10 10, 2025 08:13:33.20 [19664:14216:1010/081333.200:ERROR:google_apis\gcm\engine\registration_request.cc:291] Registration response error message: DEPRECATED_ENDPOINT
thg 10 10, 2025 08:20:16.06 [19664:14216:1010/082016.067:ERROR:google_apis\gcm\engine\registration_request.cc:291] Registration response error message: DEPRECATED_ENDPOINT

thg 10 10, 2025 09:57:36.04 NEW SESSION
thg 10 10, 2025 09:57:36.05 [3192:4968:1010/095736.035:ERROR:chrome\browser\extensions\external_registry_loader_win.cc:158] File C:\Program Files (x86)\Internet Download Manager\IDMGCExt.crx for key Software\Google\Chrome\Extensions\ngpampappnmepgilojfohadhhmbhlaek does not exist or is not readable.
thg 10 10, 2025 09:57:41.32 [3192:20868:1010/095741.323:ERROR:google_apis\gcm\engine\registration_request.cc:291] Registration response error message: QUOTA_EXCEEDED
thg 10 10, 2025 09:57:42.03 Created TensorFlow Lite XNNPACK delegate for CPU.
